\BOOKMARK [1][-]{section.1}{Algorithme de recherche dichotomique}{}% 1
\BOOKMARK [1][-]{section.2}{Structure union-find}{}% 2
\BOOKMARK [2][-]{subsection.2.1}{Union rapide pond\351r\351e}{section.2}% 3
\BOOKMARK [2][-]{subsection.2.2}{Compression de chemin}{section.2}% 4
\BOOKMARK [1][-]{section.3}{Tris}{}% 5
\BOOKMARK [2][-]{subsection.3.1}{MergeSort - Tri fusion}{section.3}% 6
\BOOKMARK [3][-]{subsubsection.3.1.1}{Version bottom-top}{subsection.3.1}% 7
\BOOKMARK [2][-]{subsection.3.2}{QuickSort - Tri rapide}{section.3}% 8
\BOOKMARK [1][-]{section.4}{Heap - Tas}{}% 9
\BOOKMARK [2][-]{subsection.4.1}{Construction en temps lin\351aire}{section.4}% 10
\BOOKMARK [2][-]{subsection.4.2}{HeapSort - Tris par tas}{section.4}% 11
\BOOKMARK [1][-]{section.5}{Arbres de recherche}{}% 12
\BOOKMARK [2][-]{subsection.5.1}{Arbres binaires de recherche}{section.5}% 13
\BOOKMARK [2][-]{subsection.5.2}{Arbre 2-3}{section.5}% 14
\BOOKMARK [2][-]{subsection.5.3}{Arbres rouges-noirs - Red-Black Tree}{section.5}% 15
\BOOKMARK [3][-]{subsubsection.5.3.1}{Rotations}{subsection.5.3}% 16
\BOOKMARK [1][-]{section.6}{Graphes}{}% 17
\BOOKMARK [2][-]{subsection.6.1}{Types de graphe}{section.6}% 18
\BOOKMARK [2][-]{subsection.6.2}{Parcours de graphe}{section.6}% 19
\BOOKMARK [3][-]{subsubsection.6.2.1}{Parcours en profondeur}{subsection.6.2}% 20
\BOOKMARK [3][-]{subsubsection.6.2.2}{Parcours en largeur}{subsection.6.2}% 21
\BOOKMARK [3][-]{subsubsection.6.2.3}{Tri topologique}{subsection.6.2}% 22
\BOOKMARK [1][-]{section.7}{Composantes fortement connexes}{}% 23
\BOOKMARK [2][-]{subsection.7.1}{Algorithme de Kosaraju-Sharir}{section.7}% 24
\BOOKMARK [1][-]{section.8}{Arbres couvrants}{}% 25
\BOOKMARK [2][-]{subsection.8.1}{Coupes}{section.8}% 26
\BOOKMARK [2][-]{subsection.8.2}{Algorithme de Kruskal}{section.8}% 27
\BOOKMARK [2][-]{subsection.8.3}{Algorithme de Prim}{section.8}% 28
\BOOKMARK [1][-]{section.9}{Plus court chemin}{}% 29
\BOOKMARK [2][-]{subsection.9.1}{Algorithme de Dijkstra}{section.9}% 30
\BOOKMARK [2][-]{subsection.9.2}{Dans un DAG}{section.9}% 31
\BOOKMARK [1][-]{section.10}{Programmation dynamique}{}% 32
